<?xml version="1.0" encoding="UTF-8"?>
<testng-results skipped="0" failed="0" ignored="0" total="4" passed="4">
  <reporter-output>
  </reporter-output>
  <suite name="Suite" duration-ms="59" started-at="2021-06-26T05:22:03Z" finished-at="2021-06-26T05:22:03Z">
    <groups>
    </groups>
    <test name="Test" duration-ms="59" started-at="2021-06-26T05:22:03Z" finished-at="2021-06-26T05:22:03Z">
      <class name="qaclickacademy.Mavenjava.RestAPITest">
        <test-method status="PASS" signature="deleteFacebook()[pri:0, instance:qaclickacademy.Mavenjava.RestAPITest@279ad2e3]" name="deleteFacebook" duration-ms="14" started-at="2021-06-26T10:52:03Z" finished-at="2021-06-26T10:52:03Z">
          <reporter-output>
          </reporter-output>
        </test-method> <!-- deleteFacebook -->
        <test-method status="PASS" signature="postJira()[pri:0, instance:qaclickacademy.Mavenjava.RestAPITest@279ad2e3]" name="postJira" duration-ms="2" started-at="2021-06-26T10:52:03Z" finished-at="2021-06-26T10:52:03Z">
          <reporter-output>
          </reporter-output>
        </test-method> <!-- postJira -->
      </class> <!-- qaclickacademy.Mavenjava.RestAPITest -->
      <class name="qaclickacademy.Mavenjava.AppiumTest">
        <test-method status="PASS" signature="IOSAPPs()[pri:0, instance:qaclickacademy.Mavenjava.AppiumTest@4461c7e3]" name="IOSAPPs" duration-ms="1" started-at="2021-06-26T10:52:03Z" finished-at="2021-06-26T10:52:03Z">
          <reporter-output>
          </reporter-output>
        </test-method> <!-- IOSAPPs -->
        <test-method status="PASS" signature="NativeAPPAndroid()[pri:0, instance:qaclickacademy.Mavenjava.AppiumTest@4461c7e3]" name="NativeAPPAndroid" duration-ms="1" started-at="2021-06-26T10:52:03Z" finished-at="2021-06-26T10:52:03Z">
          <reporter-output>
          </reporter-output>
        </test-method> <!-- NativeAPPAndroid -->
      </class> <!-- qaclickacademy.Mavenjava.AppiumTest -->
    </test> <!-- Test -->
  </suite> <!-- Suite -->
</testng-results>
