<?xml version="1.0" encoding="UTF-8"?>
<!-- Generated by org.testng.reporters.JUnitXMLReporter -->
<testsuite hostname="user-PC" ignored="0" name="Test" tests="4" failures="0" timestamp="26 Jun 2021 05:22:03 GMT" time="0.059" errors="0">
  <testcase name="deleteFacebook" time="0.014" classname="qaclickacademy.Mavenjava.RestAPITest"/>
  <testcase name="postJira" time="0.002" classname="qaclickacademy.Mavenjava.RestAPITest"/>
  <testcase name="IOSAPPs" time="0.001" classname="qaclickacademy.Mavenjava.AppiumTest"/>
  <testcase name="NativeAPPAndroid" time="0.001" classname="qaclickacademy.Mavenjava.AppiumTest"/>
</testsuite> <!-- Test -->
